[1m============================= test session starts ==============================[0m
platform darwin -- Python 3.9.6, pytest-8.4.2, pluggy-1.6.0 -- /Applications/Xcode.app/Contents/Developer/usr/bin/python3
cachedir: .pytest_cache
rootdir: ${PROJECT_ROOT}/.agents/scripts/tests/e2e
configfile: pytest.ini
[1mcollecting ... [0mcollected 16 items

scenarios/test_04_worktree_integration.py::test_create_worktree_for_session [31mFAILED[0m[31m [  6%][0m
scenarios/test_04_worktree_integration.py::test_worktree_branch_isolation [31mFAILED[0m[31m [ 12%][0m
scenarios/test_04_worktree_integration.py::test_worktree_diff_detection [31mFAILED[0m[31m [ 18%][0m
scenarios/test_04_worktree_integration.py::test_session_worktree_integration [31mFAILED[0m[31m [ 25%][0m
scenarios/test_04_worktree_integration.py::test_context7_cross_check_with_git_diff [31mFAILED[0m[31m [ 31%][0m
scenarios/test_04_worktree_integration.py::test_worktree_file_extension_detection [31mFAILED[0m[31m [ 37%][0m
scenarios/test_04_worktree_integration.py::test_worktree_multiple_commits [31mFAILED[0m[31m [ 43%][0m
scenarios/test_04_worktree_integration.py::test_worktree_no_changes [31mFAILED[0m[31m [ 50%][0m
scenarios/test_04_worktree_integration.py::test_worktree_full_workflow [31mFAILED[0m[31m [ 56%][0m
scenarios/test_04_worktree_integration.py::test_worktree_list_all [31mFAILED[0m[31m [ 62%][0m
scenarios/test_04_worktree_integration.py::test_worktree_branch_name_validation [31mFAILED[0m[31m [ 68%][0m
scenarios/test_04_worktree_integration.py::test_worktree_base_branch_tracking [31mFAILED[0m[31m [ 75%][0m
scenarios/test_04_worktree_integration.py::test_worktree_concurrent_sessions [31mFAILED[0m[31m [ 81%][0m
scenarios/test_04_worktree_integration.py::test_worktree_detect_react_import [31mFAILED[0m[31m [ 87%][0m
scenarios/test_04_worktree_integration.py::test_worktree_detect_zod_import [31mFAILED[0m[31m [ 93%][0m
scenarios/test_04_worktree_integration.py::test_worktree_detect_prisma_schema [31mFAILED[0m[31m [100%][0m

 =================================== FAILURES ===================================
[31m[1m_______________________ test_create_worktree_for_session _______________________[0m
[1m[31mscenarios/test_04_worktree_integration.py[0m:87: in test_create_worktree_for_session
    [0m_init_git_repo(test_project_dir.tmp_path)[90m[39;49;00m
[1m[31mscenarios/test_04_worktree_integration.py[0m:50: in _init_git_repo
    [0m[94mraise[39;49;00m [96mRuntimeError[39;49;00m([33mf[39;49;00m[33m"[39;49;00m[33mgit commit failed: [39;49;00m[33m{[39;49;00mcp.stderr[33m}[39;49;00m[33m"[39;49;00m)[90m[39;49;00m
[1m[31mE   RuntimeError: git commit failed: error: Couldn't load public key /Users/leeroy/Library/Containers/com.maxgoedjen.Secretive.SecretAgent/Data/PublicKeys/72f27dac74be5a48e4551fe2812137c3.pub: No such file or directory?[0m
[1m[31mE   [0m
[1m[31mE   fatal: failed to write commit object[0m
[31m[1m________________________ test_worktree_branch_isolation ________________________[0m
[1m[31mscenarios/test_04_worktree_integration.py[0m:120: in test_worktree_branch_isolation
    [0m_init_git_repo(test_project_dir.tmp_path)[90m[39;49;00m
[1m[31mscenarios/test_04_worktree_integration.py[0m:50: in _init_git_repo
    [0m[94mraise[39;49;00m [96mRuntimeError[39;49;00m([33mf[39;49;00m[33m"[39;49;00m[33mgit commit failed: [39;49;00m[33m{[39;49;00mcp.stderr[33m}[39;49;00m[33m"[39;49;00m)[90m[39;49;00m
[1m[31mE   RuntimeError: git commit failed: error: Couldn't load public key /Users/leeroy/Library/Containers/com.maxgoedjen.Secretive.SecretAgent/Data/PublicKeys/72f27dac74be5a48e4551fe2812137c3.pub: No such file or directory?[0m
[1m[31mE   [0m
[1m[31mE   fatal: failed to write commit object[0m
[31m[1m_________________________ test_worktree_diff_detection _________________________[0m
[1m[31mscenarios/test_04_worktree_integration.py[0m:148: in test_worktree_diff_detection
    [0m_init_git_repo(test_project_dir.tmp_path)[90m[39;49;00m
[1m[31mscenarios/test_04_worktree_integration.py[0m:50: in _init_git_repo
    [0m[94mraise[39;49;00m [96mRuntimeError[39;49;00m([33mf[39;49;00m[33m"[39;49;00m[33mgit commit failed: [39;49;00m[33m{[39;49;00mcp.stderr[33m}[39;49;00m[33m"[39;49;00m)[90m[39;49;00m
[1m[31mE   RuntimeError: git commit failed: error: Couldn't load public key /Users/leeroy/Library/Containers/com.maxgoedjen.Secretive.SecretAgent/Data/PublicKeys/72f27dac74be5a48e4551fe2812137c3.pub: No such file or directory?[0m
[1m[31mE   [0m
[1m[31mE   fatal: failed to write commit object[0m
[31m[1m______________________ test_session_worktree_integration _______________________[0m
[1m[31mscenarios/test_04_worktree_integration.py[0m:180: in test_session_worktree_integration
    [0m_init_git_repo(test_project_dir.tmp_path)[90m[39;49;00m
[1m[31mscenarios/test_04_worktree_integration.py[0m:50: in _init_git_repo
    [0m[94mraise[39;49;00m [96mRuntimeError[39;49;00m([33mf[39;49;00m[33m"[39;49;00m[33mgit commit failed: [39;49;00m[33m{[39;49;00mcp.stderr[33m}[39;49;00m[33m"[39;49;00m)[90m[39;49;00m
[1m[31mE   RuntimeError: git commit failed: error: Couldn't load public key /Users/leeroy/Library/Containers/com.maxgoedjen.Secretive.SecretAgent/Data/PublicKeys/72f27dac74be5a48e4551fe2812137c3.pub: No such file or directory?[0m
[1m[31mE   [0m
[1m[31mE   fatal: failed to write commit object[0m
[31m[1m___________________ test_context7_cross_check_with_git_diff ____________________[0m
[1m[31mscenarios/test_04_worktree_integration.py[0m:208: in test_context7_cross_check_with_git_diff
    [0m_init_git_repo(test_project_dir.tmp_path)[90m[39;49;00m
[1m[31mscenarios/test_04_worktree_integration.py[0m:50: in _init_git_repo
    [0m[94mraise[39;49;00m [96mRuntimeError[39;49;00m([33mf[39;49;00m[33m"[39;49;00m[33mgit commit failed: [39;49;00m[33m{[39;49;00mcp.stderr[33m}[39;49;00m[33m"[39;49;00m)[90m[39;49;00m
[1m[31mE   RuntimeError: git commit failed: error: Couldn't load public key /Users/leeroy/Library/Containers/com.maxgoedjen.Secretive.SecretAgent/Data/PublicKeys/72f27dac74be5a48e4551fe2812137c3.pub: No such file or directory?[0m
[1m[31mE   [0m
[1m[31mE   fatal: failed to write commit object[0m
[31m[1m____________________ test_worktree_file_extension_detection ____________________[0m
[1m[31mscenarios/test_04_worktree_integration.py[0m:266: in test_worktree_file_extension_detection
    [0m_init_git_repo(test_project_dir.tmp_path)[90m[39;49;00m
[1m[31mscenarios/test_04_worktree_integration.py[0m:50: in _init_git_repo
    [0m[94mraise[39;49;00m [96mRuntimeError[39;49;00m([33mf[39;49;00m[33m"[39;49;00m[33mgit commit failed: [39;49;00m[33m{[39;49;00mcp.stderr[33m}[39;49;00m[33m"[39;49;00m)[90m[39;49;00m
[1m[31mE   RuntimeError: git commit failed: error: Couldn't load public key /Users/leeroy/Library/Containers/com.maxgoedjen.Secretive.SecretAgent/Data/PublicKeys/72f27dac74be5a48e4551fe2812137c3.pub: No such file or directory?[0m
[1m[31mE   [0m
[1m[31mE   fatal: failed to write commit object[0m
[31m[1m________________________ test_worktree_multiple_commits ________________________[0m
[1m[31mscenarios/test_04_worktree_integration.py[0m:303: in test_worktree_multiple_commits
    [0m_init_git_repo(test_project_dir.tmp_path)[90m[39;49;00m
[1m[31mscenarios/test_04_worktree_integration.py[0m:50: in _init_git_repo
    [0m[94mraise[39;49;00m [96mRuntimeError[39;49;00m([33mf[39;49;00m[33m"[39;49;00m[33mgit commit failed: [39;49;00m[33m{[39;49;00mcp.stderr[33m}[39;49;00m[33m"[39;49;00m)[90m[39;49;00m
[1m[31mE   RuntimeError: git commit failed: error: Couldn't load public key /Users/leeroy/Library/Containers/com.maxgoedjen.Secretive.SecretAgent/Data/PublicKeys/72f27dac74be5a48e4551fe2812137c3.pub: No such file or directory?[0m
[1m[31mE   [0m
[1m[31mE   fatal: failed to write commit object[0m
[31m[1m___________________________ test_worktree_no_changes ___________________________[0m
[1m[31mscenarios/test_04_worktree_integration.py[0m:336: in test_worktree_no_changes
    [0m_init_git_repo(test_project_dir.tmp_path)[90m[39;49;00m
[1m[31mscenarios/test_04_worktree_integration.py[0m:50: in _init_git_repo
    [0m[94mraise[39;49;00m [96mRuntimeError[39;49;00m([33mf[39;49;00m[33m"[39;49;00m[33mgit commit failed: [39;49;00m[33m{[39;49;00mcp.stderr[33m}[39;49;00m[33m"[39;49;00m)[90m[39;49;00m
[1m[31mE   RuntimeError: git commit failed: error: Couldn't load public key /Users/leeroy/Library/Containers/com.maxgoedjen.Secretive.SecretAgent/Data/PublicKeys/72f27dac74be5a48e4551fe2812137c3.pub: No such file or directory?[0m
[1m[31mE   [0m
[1m[31mE   fatal: failed to write commit object[0m
[31m[1m_________________________ test_worktree_full_workflow __________________________[0m
[1m[31mscenarios/test_04_worktree_integration.py[0m:363: in test_worktree_full_workflow
    [0m_init_git_repo(test_project_dir.tmp_path)[90m[39;49;00m
[1m[31mscenarios/test_04_worktree_integration.py[0m:50: in _init_git_repo
    [0m[94mraise[39;49;00m [96mRuntimeError[39;49;00m([33mf[39;49;00m[33m"[39;49;00m[33mgit commit failed: [39;49;00m[33m{[39;49;00mcp.stderr[33m}[39;49;00m[33m"[39;49;00m)[90m[39;49;00m
[1m[31mE   RuntimeError: git commit failed: error: Couldn't load public key /Users/leeroy/Library/Containers/com.maxgoedjen.Secretive.SecretAgent/Data/PublicKeys/72f27dac74be5a48e4551fe2812137c3.pub: No such file or directory?[0m
[1m[31mE   [0m
[1m[31mE   fatal: failed to write commit object[0m
[31m[1m____________________________ test_worktree_list_all ____________________________[0m
[1m[31mscenarios/test_04_worktree_integration.py[0m:417: in test_worktree_list_all
    [0m_init_git_repo(test_project_dir.tmp_path)[90m[39;49;00m
[1m[31mscenarios/test_04_worktree_integration.py[0m:50: in _init_git_repo
    [0m[94mraise[39;49;00m [96mRuntimeError[39;49;00m([33mf[39;49;00m[33m"[39;49;00m[33mgit commit failed: [39;49;00m[33m{[39;49;00mcp.stderr[33m}[39;49;00m[33m"[39;49;00m)[90m[39;49;00m
[1m[31mE   RuntimeError: git commit failed: error: Couldn't load public key /Users/leeroy/Library/Containers/com.maxgoedjen.Secretive.SecretAgent/Data/PublicKeys/72f27dac74be5a48e4551fe2812137c3.pub: No such file or directory?[0m
[1m[31mE   [0m
[1m[31mE   fatal: failed to write commit object[0m
[31m[1m_____________________ test_worktree_branch_name_validation _____________________[0m
[1m[31mscenarios/test_04_worktree_integration.py[0m:438: in test_worktree_branch_name_validation
    [0m_init_git_repo(test_project_dir.tmp_path)[90m[39;49;00m
[1m[31mscenarios/test_04_worktree_integration.py[0m:50: in _init_git_repo
    [0m[94mraise[39;49;00m [96mRuntimeError[39;49;00m([33mf[39;49;00m[33m"[39;49;00m[33mgit commit failed: [39;49;00m[33m{[39;49;00mcp.stderr[33m}[39;49;00m[33m"[39;49;00m)[90m[39;49;00m
[1m[31mE   RuntimeError: git commit failed: error: Couldn't load public key /Users/leeroy/Library/Containers/com.maxgoedjen.Secretive.SecretAgent/Data/PublicKeys/72f27dac74be5a48e4551fe2812137c3.pub: No such file or directory?[0m
[1m[31mE   [0m
[1m[31mE   fatal: failed to write commit object[0m
[31m[1m______________________ test_worktree_base_branch_tracking ______________________[0m
[1m[31mscenarios/test_04_worktree_integration.py[0m:456: in test_worktree_base_branch_tracking
    [0m_init_git_repo(test_project_dir.tmp_path)[90m[39;49;00m
[1m[31mscenarios/test_04_worktree_integration.py[0m:50: in _init_git_repo
    [0m[94mraise[39;49;00m [96mRuntimeError[39;49;00m([33mf[39;49;00m[33m"[39;49;00m[33mgit commit failed: [39;49;00m[33m{[39;49;00mcp.stderr[33m}[39;49;00m[33m"[39;49;00m)[90m[39;49;00m
[1m[31mE   RuntimeError: git commit failed: error: Couldn't load public key /Users/leeroy/Library/Containers/com.maxgoedjen.Secretive.SecretAgent/Data/PublicKeys/72f27dac74be5a48e4551fe2812137c3.pub: No such file or directory?[0m
[1m[31mE   [0m
[1m[31mE   fatal: failed to write commit object[0m
[31m[1m______________________ test_worktree_concurrent_sessions _______________________[0m
[1m[31mscenarios/test_04_worktree_integration.py[0m:473: in test_worktree_concurrent_sessions
    [0m_init_git_repo(test_project_dir.tmp_path)[90m[39;49;00m
[1m[31mscenarios/test_04_worktree_integration.py[0m:50: in _init_git_repo
    [0m[94mraise[39;49;00m [96mRuntimeError[39;49;00m([33mf[39;49;00m[33m"[39;49;00m[33mgit commit failed: [39;49;00m[33m{[39;49;00mcp.stderr[33m}[39;49;00m[33m"[39;49;00m)[90m[39;49;00m
[1m[31mE   RuntimeError: git commit failed: error: Couldn't load public key /Users/leeroy/Library/Containers/com.maxgoedjen.Secretive.SecretAgent/Data/PublicKeys/72f27dac74be5a48e4551fe2812137c3.pub: No such file or directory?[0m
[1m[31mE   [0m
[1m[31mE   fatal: failed to write commit object[0m
[31m[1m______________________ test_worktree_detect_react_import _______________________[0m
[1m[31mscenarios/test_04_worktree_integration.py[0m:502: in test_worktree_detect_react_import
    [0m_init_git_repo(test_project_dir.tmp_path)[90m[39;49;00m
[1m[31mscenarios/test_04_worktree_integration.py[0m:50: in _init_git_repo
    [0m[94mraise[39;49;00m [96mRuntimeError[39;49;00m([33mf[39;49;00m[33m"[39;49;00m[33mgit commit failed: [39;49;00m[33m{[39;49;00mcp.stderr[33m}[39;49;00m[33m"[39;49;00m)[90m[39;49;00m
[1m[31mE   RuntimeError: git commit failed: error: Couldn't load public key /Users/leeroy/Library/Containers/com.maxgoedjen.Secretive.SecretAgent/Data/PublicKeys/72f27dac74be5a48e4551fe2812137c3.pub: No such file or directory?[0m
[1m[31mE   [0m
[1m[31mE   fatal: failed to write commit object[0m
[31m[1m_______________________ test_worktree_detect_zod_import ________________________[0m
[1m[31mscenarios/test_04_worktree_integration.py[0m:527: in test_worktree_detect_zod_import
    [0m_init_git_repo(test_project_dir.tmp_path)[90m[39;49;00m
[1m[31mscenarios/test_04_worktree_integration.py[0m:50: in _init_git_repo
    [0m[94mraise[39;49;00m [96mRuntimeError[39;49;00m([33mf[39;49;00m[33m"[39;49;00m[33mgit commit failed: [39;49;00m[33m{[39;49;00mcp.stderr[33m}[39;49;00m[33m"[39;49;00m)[90m[39;49;00m
[1m[31mE   RuntimeError: git commit failed: error: Couldn't load public key /Users/leeroy/Library/Containers/com.maxgoedjen.Secretive.SecretAgent/Data/PublicKeys/72f27dac74be5a48e4551fe2812137c3.pub: No such file or directory?[0m
[1m[31mE   [0m
[1m[31mE   fatal: failed to write commit object[0m
[31m[1m______________________ test_worktree_detect_prisma_schema ______________________[0m
[1m[31mscenarios/test_04_worktree_integration.py[0m:553: in test_worktree_detect_prisma_schema
    [0m_init_git_repo(test_project_dir.tmp_path)[90m[39;49;00m
[1m[31mscenarios/test_04_worktree_integration.py[0m:50: in _init_git_repo
    [0m[94mraise[39;49;00m [96mRuntimeError[39;49;00m([33mf[39;49;00m[33m"[39;49;00m[33mgit commit failed: [39;49;00m[33m{[39;49;00mcp.stderr[33m}[39;49;00m[33m"[39;49;00m)[90m[39;49;00m
[1m[31mE   RuntimeError: git commit failed: error: Couldn't load public key /Users/leeroy/Library/Containers/com.maxgoedjen.Secretive.SecretAgent/Data/PublicKeys/72f27dac74be5a48e4551fe2812137c3.pub: No such file or directory?[0m
[1m[31mE   [0m
[1m[31mE   fatal: failed to write commit object[0m
[33m=============================== warnings summary ===============================[0m
helpers/test_env.py:17
  ${PROJECT_ROOT}/.agents/scripts/tests/e2e/helpers/test_env.py:17: PytestCollectionWarning: cannot collect test class 'TestProjectDir' because it has a __init__ constructor (from: scenarios/test_04_worktree_integration.py)
    class TestProjectDir:

-- Docs: https://docs.pytest.org/en/stable/how-to/capture-warnings.html
[36m[1m=========================== short test summary info ============================[0m
[31mFAILED[0m scenarios/test_04_worktree_integration.py::[1mtest_create_worktree_for_session[0m - RuntimeError: git commit failed: error: Couldn't load public key /Users/leeroy/Library/Containers/com.maxgoedjen.Secretive.SecretAgent/Data/PublicKeys/72f27dac74be5a48e4551fe2812137c3.pub: No such file or directory?

fatal: failed to write commit object
[31mFAILED[0m scenarios/test_04_worktree_integration.py::[1mtest_worktree_branch_isolation[0m - RuntimeError: git commit failed: error: Couldn't load public key /Users/leeroy/Library/Containers/com.maxgoedjen.Secretive.SecretAgent/Data/PublicKeys/72f27dac74be5a48e4551fe2812137c3.pub: No such file or directory?

fatal: failed to write commit object
[31mFAILED[0m scenarios/test_04_worktree_integration.py::[1mtest_worktree_diff_detection[0m - RuntimeError: git commit failed: error: Couldn't load public key /Users/leeroy/Library/Containers/com.maxgoedjen.Secretive.SecretAgent/Data/PublicKeys/72f27dac74be5a48e4551fe2812137c3.pub: No such file or directory?

fatal: failed to write commit object
[31mFAILED[0m scenarios/test_04_worktree_integration.py::[1mtest_session_worktree_integration[0m - RuntimeError: git commit failed: error: Couldn't load public key /Users/leeroy/Library/Containers/com.maxgoedjen.Secretive.SecretAgent/Data/PublicKeys/72f27dac74be5a48e4551fe2812137c3.pub: No such file or directory?

fatal: failed to write commit object
[31mFAILED[0m scenarios/test_04_worktree_integration.py::[1mtest_context7_cross_check_with_git_diff[0m - RuntimeError: git commit failed: error: Couldn't load public key /Users/leeroy/Library/Containers/com.maxgoedjen.Secretive.SecretAgent/Data/PublicKeys/72f27dac74be5a48e4551fe2812137c3.pub: No such file or directory?

fatal: failed to write commit object
[31mFAILED[0m scenarios/test_04_worktree_integration.py::[1mtest_worktree_file_extension_detection[0m - RuntimeError: git commit failed: error: Couldn't load public key /Users/leeroy/Library/Containers/com.maxgoedjen.Secretive.SecretAgent/Data/PublicKeys/72f27dac74be5a48e4551fe2812137c3.pub: No such file or directory?

fatal: failed to write commit object
[31mFAILED[0m scenarios/test_04_worktree_integration.py::[1mtest_worktree_multiple_commits[0m - RuntimeError: git commit failed: error: Couldn't load public key /Users/leeroy/Library/Containers/com.maxgoedjen.Secretive.SecretAgent/Data/PublicKeys/72f27dac74be5a48e4551fe2812137c3.pub: No such file or directory?

fatal: failed to write commit object
[31mFAILED[0m scenarios/test_04_worktree_integration.py::[1mtest_worktree_no_changes[0m - RuntimeError: git commit failed: error: Couldn't load public key /Users/leeroy/Library/Containers/com.maxgoedjen.Secretive.SecretAgent/Data/PublicKeys/72f27dac74be5a48e4551fe2812137c3.pub: No such file or directory?

fatal: failed to write commit object
[31mFAILED[0m scenarios/test_04_worktree_integration.py::[1mtest_worktree_full_workflow[0m - RuntimeError: git commit failed: error: Couldn't load public key /Users/leeroy/Library/Containers/com.maxgoedjen.Secretive.SecretAgent/Data/PublicKeys/72f27dac74be5a48e4551fe2812137c3.pub: No such file or directory?

fatal: failed to write commit object
[31mFAILED[0m scenarios/test_04_worktree_integration.py::[1mtest_worktree_list_all[0m - RuntimeError: git commit failed: error: Couldn't load public key /Users/leeroy/Library/Containers/com.maxgoedjen.Secretive.SecretAgent/Data/PublicKeys/72f27dac74be5a48e4551fe2812137c3.pub: No such file or directory?

fatal: failed to write commit object
[31mFAILED[0m scenarios/test_04_worktree_integration.py::[1mtest_worktree_branch_name_validation[0m - RuntimeError: git commit failed: error: Couldn't load public key /Users/leeroy/Library/Containers/com.maxgoedjen.Secretive.SecretAgent/Data/PublicKeys/72f27dac74be5a48e4551fe2812137c3.pub: No such file or directory?

fatal: failed to write commit object
[31mFAILED[0m scenarios/test_04_worktree_integration.py::[1mtest_worktree_base_branch_tracking[0m - RuntimeError: git commit failed: error: Couldn't load public key /Users/leeroy/Library/Containers/com.maxgoedjen.Secretive.SecretAgent/Data/PublicKeys/72f27dac74be5a48e4551fe2812137c3.pub: No such file or directory?

fatal: failed to write commit object
[31mFAILED[0m scenarios/test_04_worktree_integration.py::[1mtest_worktree_concurrent_sessions[0m - RuntimeError: git commit failed: error: Couldn't load public key /Users/leeroy/Library/Containers/com.maxgoedjen.Secretive.SecretAgent/Data/PublicKeys/72f27dac74be5a48e4551fe2812137c3.pub: No such file or directory?

fatal: failed to write commit object
[31mFAILED[0m scenarios/test_04_worktree_integration.py::[1mtest_worktree_detect_react_import[0m - RuntimeError: git commit failed: error: Couldn't load public key /Users/leeroy/Library/Containers/com.maxgoedjen.Secretive.SecretAgent/Data/PublicKeys/72f27dac74be5a48e4551fe2812137c3.pub: No such file or directory?

fatal: failed to write commit object
[31mFAILED[0m scenarios/test_04_worktree_integration.py::[1mtest_worktree_detect_zod_import[0m - RuntimeError: git commit failed: error: Couldn't load public key /Users/leeroy/Library/Containers/com.maxgoedjen.Secretive.SecretAgent/Data/PublicKeys/72f27dac74be5a48e4551fe2812137c3.pub: No such file or directory?

fatal: failed to write commit object
[31mFAILED[0m scenarios/test_04_worktree_integration.py::[1mtest_worktree_detect_prisma_schema[0m - RuntimeError: git commit failed: error: Couldn't load public key /Users/leeroy/Library/Containers/com.maxgoedjen.Secretive.SecretAgent/Data/PublicKeys/72f27dac74be5a48e4551fe2812137c3.pub: No such file or directory?

fatal: failed to write commit object
[31m======================== [31m[1m16 failed[0m, [33m1 warning[0m[31m in 2.58s[0m[31m =========================[0m
